#-----------------------------------------------------------
# Vivado v2019.2 (64-bit)
# SW Build 2708876 on Wed Nov  6 21:39:14 MST 2019
# IP Build 2700528 on Thu Nov  7 00:09:20 MST 2019
# Start of session at: Tue Jan  3 13:11:15 2023
# Process ID: 4804
# Current directory: /home/matheus/group11_8051
# Command line: vivado
# Log file: /home/matheus/group11_8051/vivado.log
# Journal file: /home/matheus/group11_8051/vivado.jou
#-----------------------------------------------------------
start_gui
open_project /home/matheus/group11_8051/8051_project/8051_project.xpr
INFO: [Project 1-313] Project file moved from '/home/marco/8051_micro/group11_8051/8051_project' since last save.
Scanning sources...
Finished scanning sources
INFO: [IP_Flow 19-234] Refreshing IP repositories
INFO: [IP_Flow 19-1704] No user IP repositories specified
INFO: [IP_Flow 19-2313] Loaded Vivado IP repository '/tools/Xilinx/Vivado/2019.2/data/ip'.
open_project: Time (s): cpu = 00:00:13 ; elapsed = 00:00:06 . Memory (MB): peak = 6637.570 ; gain = 177.625 ; free physical = 5427 ; free virtual = 14165
