#-----------------------------------------------------------
# Vivado v2019.2 (64-bit)
# SW Build 2708876 on Wed Nov  6 21:39:14 MST 2019
# IP Build 2700528 on Thu Nov  7 00:09:20 MST 2019
# Start of session at: Fri Jan 13 11:21:39 2023
# Process ID: 17891
# Current directory: /home/matheus/group11_8051
# Command line: vivado
# Log file: /home/matheus/group11_8051/vivado.log
# Journal file: /home/matheus/group11_8051/vivado.jou
#-----------------------------------------------------------
start_gui
create_project 8051_project_ALU_test /home/matheus/group11_8051/8051_project_ALU_test -part xc7z010clg400-1
INFO: [IP_Flow 19-234] Refreshing IP repositories
INFO: [IP_Flow 19-1704] No user IP repositories specified
INFO: [IP_Flow 19-2313] Loaded Vivado IP repository '/tools/Xilinx/Vivado/2019.2/data/ip'.
set_property board_part digilentinc.com:zybo-z7-10:part0:1.1 [current_project]
import_files -norecurse /home/matheus/group11_8051/8051_project/8051_project.srcs/sources_1/new/ALU.v
update_compile_order -fileset sources_1
import_files -norecurse /home/matheus/group11_8051/8051_project_RAM_test/8051_project_RAM_test.srcs/sources_1/imports/new/define_lib.vh
import_files -norecurse /home/matheus/group11_8051/8051_project_RAM_test/8051_project_RAM_test.srcs/sources_1/imports/drive-download-20221004T151820Z-001/top.v
update_compile_order -fileset sources_1
set_property SOURCE_SET sources_1 [get_filesets sim_1]
import_files -fileset sim_1 -norecurse /home/matheus/group11_8051/8051_project_RAM_test/8051_project_RAM_test.srcs/sim_1/imports/drive-download-20221004T151820Z-001/tb_tob_1.v
update_compile_order -fileset sim_1
update_compile_order -fileset sim_1
update_compile_order -fileset sources_1
import_files -norecurse {/home/matheus/group11_8051/8051_project/8051_project.srcs/sources_1/new/cpl.v /home/matheus/group11_8051/8051_project/8051_project.srcs/sources_1/new/addSub.v /home/matheus/group11_8051/8051_project/8051_project.srcs/sources_1/new/clrSet.v /home/matheus/group11_8051/8051_project/8051_project.srcs/sources_1/new/RlRr.v /home/matheus/group11_8051/8051_project/8051_project.srcs/sources_1/new/xorAndOr.v}
update_compile_order -fileset sources_1
